<?xml version="1.0" encoding="UTF-8"?>
<!-- Generated by org.testng.reporters.JUnitXMLReporter -->
<testsuite hostname="MAVERICK" ignored="1" name="Test" tests="5" failures="0" timestamp="10 Mar 2020 06:56:09 GMT" time="28.106" errors="0">
  <testcase name="verifyAutomobilelink" time="1.075" classname="com.tricentis.automation.scripts.fieldVerification.HomePageTests"/>
  <testcase name="verifyCamperlink" time="0.002" classname="com.tricentis.automation.scripts.fieldVerification.HomePageTests"/>
  <testcase name="verifyMotorCyclelink" time="0.001" classname="com.tricentis.automation.scripts.fieldVerification.HomePageTests"/>
  <testcase name="verifyTrucklink" time="0.001" classname="com.tricentis.automation.scripts.fieldVerification.HomePageTests"/>
  <testcase name="verifyEnginePerformanceInputbox" time="1.2" classname="com.tricentis.automation.scripts.fieldVerification.Automobile_EnterVehicleDataPageTest"/>
  <testcase name="@BeforeSuite suiteInitializer" time="0.0" classname="com.tricentis.automation.driver.Driver">
    <ignored/>
  </testcase> <!-- @BeforeSuite suiteInitializer -->
</testsuite> <!-- Test -->
