<?xml version="1.0" encoding="UTF-8"?>
<testng-results skipped="0" failed="0" ignored="1" total="6" passed="5">
  <reporter-output>
  </reporter-output>
  <suite name="Suite" duration-ms="28106" started-at="2020-03-10T06:55:41Z" finished-at="2020-03-10T06:56:09Z">
    <groups>
    </groups>
    <test name="Test" duration-ms="28106" started-at="2020-03-10T06:55:41Z" finished-at="2020-03-10T06:56:09Z">
      <class name="com.tricentis.automation.scripts.fieldVerification.Automobile_EnterVehicleDataPageTest">
        <test-method status="PASS" signature="initialize(java.lang.String)[pri:0, instance:com.tricentis.automation.scripts.fieldVerification.Automobile_EnterVehicleDataPageTest@6f7fd0e6]" name="initialize" is-config="true" duration-ms="12549" started-at="2020-03-10T12:25:56Z" finished-at="2020-03-10T12:26:08Z">
          <params>
            <param index="0">
              <value>
                <![CDATA[Chrome]]>
              </value>
            </param>
          </params>
          <reporter-output>
          </reporter-output>
        </test-method> <!-- initialize -->
        <test-method status="PASS" signature="verifyEnginePerformanceInputbox()[pri:0, instance:com.tricentis.automation.scripts.fieldVerification.Automobile_EnterVehicleDataPageTest@6f7fd0e6]" name="verifyEnginePerformanceInputbox" duration-ms="1200" started-at="2020-03-10T12:26:08Z" finished-at="2020-03-10T12:26:09Z">
          <reporter-output>
          </reporter-output>
        </test-method> <!-- verifyEnginePerformanceInputbox -->
      </class> <!-- com.tricentis.automation.scripts.fieldVerification.Automobile_EnterVehicleDataPageTest -->
      <class name="com.tricentis.automation.scripts.fieldVerification.HomePageTests">
        <test-method status="PASS" signature="suiteInitializer()[pri:0, instance:com.tricentis.automation.scripts.fieldVerification.HomePageTests@27efef64]" name="suiteInitializer" is-config="true" duration-ms="11" started-at="2020-03-10T12:25:41Z" finished-at="2020-03-10T12:25:41Z">
          <reporter-output>
          </reporter-output>
        </test-method> <!-- suiteInitializer -->
        <test-method status="PASS" signature="initialize(java.lang.String)[pri:0, instance:com.tricentis.automation.scripts.fieldVerification.HomePageTests@27efef64]" name="initialize" is-config="true" duration-ms="13254" started-at="2020-03-10T12:25:41Z" finished-at="2020-03-10T12:25:54Z">
          <params>
            <param index="0">
              <value>
                <![CDATA[Chrome]]>
              </value>
            </param>
          </params>
          <reporter-output>
          </reporter-output>
        </test-method> <!-- initialize -->
        <test-method status="PASS" signature="verifyAutomobilelink()[pri:0, instance:com.tricentis.automation.scripts.fieldVerification.HomePageTests@27efef64]" name="verifyAutomobilelink" duration-ms="1075" started-at="2020-03-10T12:25:54Z" finished-at="2020-03-10T12:25:56Z">
          <reporter-output>
          </reporter-output>
        </test-method> <!-- verifyAutomobilelink -->
        <test-method status="PASS" signature="verifyCamperlink()[pri:0, instance:com.tricentis.automation.scripts.fieldVerification.HomePageTests@27efef64]" name="verifyCamperlink" duration-ms="2" started-at="2020-03-10T12:25:56Z" finished-at="2020-03-10T12:25:56Z">
          <reporter-output>
          </reporter-output>
        </test-method> <!-- verifyCamperlink -->
        <test-method status="PASS" signature="verifyMotorCyclelink()[pri:0, instance:com.tricentis.automation.scripts.fieldVerification.HomePageTests@27efef64]" name="verifyMotorCyclelink" duration-ms="1" started-at="2020-03-10T12:25:56Z" finished-at="2020-03-10T12:25:56Z">
          <reporter-output>
          </reporter-output>
        </test-method> <!-- verifyMotorCyclelink -->
        <test-method status="PASS" signature="verifyTrucklink()[pri:0, instance:com.tricentis.automation.scripts.fieldVerification.HomePageTests@27efef64]" name="verifyTrucklink" duration-ms="1" started-at="2020-03-10T12:25:56Z" finished-at="2020-03-10T12:25:56Z">
          <reporter-output>
          </reporter-output>
        </test-method> <!-- verifyTrucklink -->
      </class> <!-- com.tricentis.automation.scripts.fieldVerification.HomePageTests -->
    </test> <!-- Test -->
  </suite> <!-- Suite -->
</testng-results>
